DEBUG - 2025-04-11 09:39:39 --> Session: Class initialized using 'CodeIgniter\Session\Handlers\FileHandler' driver.
DEBUG - 2025-04-11 09:39:49 --> Session: Class initialized using 'CodeIgniter\Session\Handlers\FileHandler' driver.
DEBUG - 2025-04-11 09:39:49 --> Session: Class initialized using 'CodeIgniter\Session\Handlers\FileHandler' driver.
DEBUG - 2025-04-11 09:39:56 --> Session: Class initialized using 'CodeIgniter\Session\Handlers\FileHandler' driver.
INFO - 2025-04-11 09:39:56 --> Cart Class Initialized
DEBUG - 2025-04-11 09:45:51 --> Session: Class initialized using 'CodeIgniter\Session\Handlers\FileHandler' driver.
DEBUG - 2025-04-11 09:45:54 --> Session: Class initialized using 'CodeIgniter\Session\Handlers\FileHandler' driver.
DEBUG - 2025-04-11 09:45:57 --> Session: Class initialized using 'CodeIgniter\Session\Handlers\FileHandler' driver.
DEBUG - 2025-04-11 09:45:59 --> Session: Class initialized using 'CodeIgniter\Session\Handlers\FileHandler' driver.
INFO - 2025-04-11 09:45:59 --> Cart Class Initialized
DEBUG - 2025-04-11 09:54:06 --> Session: Class initialized using 'CodeIgniter\Session\Handlers\FileHandler' driver.
INFO - 2025-04-11 09:54:06 --> Cart Class Initialized
DEBUG - 2025-04-11 09:54:09 --> Session: Class initialized using 'CodeIgniter\Session\Handlers\FileHandler' driver.
INFO - 2025-04-11 09:54:09 --> Cart Class Initialized
ERROR - 2025-04-11 09:54:09 --> Invalid product ID.  The product ID can only contain alpha-numeric characters, dashes, and underscores
DEBUG - 2025-04-11 09:54:09 --> Session: Class initialized using 'CodeIgniter\Session\Handlers\FileHandler' driver.
INFO - 2025-04-11 09:54:09 --> Cart Class Initialized
DEBUG - 2025-04-11 09:54:13 --> Session: Class initialized using 'CodeIgniter\Session\Handlers\FileHandler' driver.
DEBUG - 2025-04-11 09:54:13 --> Session: Class initialized using 'CodeIgniter\Session\Handlers\FileHandler' driver.
INFO - 2025-04-11 09:54:13 --> Cart Class Initialized
DEBUG - 2025-04-11 09:54:13 --> Session: Class initialized using 'CodeIgniter\Session\Handlers\FileHandler' driver.
INFO - 2025-04-11 09:54:13 --> Cart Class Initialized
DEBUG - 2025-04-11 09:54:15 --> Session: Class initialized using 'CodeIgniter\Session\Handlers\FileHandler' driver.
INFO - 2025-04-11 09:54:15 --> Cart Class Initialized
ERROR - 2025-04-11 09:54:15 --> Invalid product ID.  The product ID can only contain alpha-numeric characters, dashes, and underscores
DEBUG - 2025-04-11 09:54:15 --> Session: Class initialized using 'CodeIgniter\Session\Handlers\FileHandler' driver.
INFO - 2025-04-11 09:54:15 --> Cart Class Initialized
DEBUG - 2025-04-11 09:54:42 --> Session: Class initialized using 'CodeIgniter\Session\Handlers\FileHandler' driver.
INFO - 2025-04-11 09:54:42 --> Cart Class Initialized
ERROR - 2025-04-11 09:54:42 --> Invalid product ID.  The product ID can only contain alpha-numeric characters, dashes, and underscores
DEBUG - 2025-04-11 09:54:42 --> Session: Class initialized using 'CodeIgniter\Session\Handlers\FileHandler' driver.
INFO - 2025-04-11 09:54:42 --> Cart Class Initialized
DEBUG - 2025-04-11 09:56:16 --> Session: Class initialized using 'CodeIgniter\Session\Handlers\FileHandler' driver.
INFO - 2025-04-11 09:56:16 --> Cart Class Initialized
DEBUG - 2025-04-11 09:56:35 --> Session: Class initialized using 'CodeIgniter\Session\Handlers\FileHandler' driver.
INFO - 2025-04-11 09:56:35 --> Cart Class Initialized
DEBUG - 2025-04-11 09:56:44 --> Session: Class initialized using 'CodeIgniter\Session\Handlers\FileHandler' driver.
INFO - 2025-04-11 09:56:44 --> Cart Class Initialized
DEBUG - 2025-04-11 09:56:44 --> Session: Class initialized using 'CodeIgniter\Session\Handlers\FileHandler' driver.
INFO - 2025-04-11 09:56:44 --> Cart Class Initialized
DEBUG - 2025-04-11 09:56:46 --> Session: Class initialized using 'CodeIgniter\Session\Handlers\FileHandler' driver.
DEBUG - 2025-04-11 09:56:48 --> Session: Class initialized using 'CodeIgniter\Session\Handlers\FileHandler' driver.
INFO - 2025-04-11 09:56:48 --> Cart Class Initialized
DEBUG - 2025-04-11 09:56:48 --> Session: Class initialized using 'CodeIgniter\Session\Handlers\FileHandler' driver.
INFO - 2025-04-11 09:56:48 --> Cart Class Initialized
DEBUG - 2025-04-11 09:57:13 --> Session: Class initialized using 'CodeIgniter\Session\Handlers\FileHandler' driver.
INFO - 2025-04-11 09:57:13 --> Cart Class Initialized
DEBUG - 2025-04-11 09:58:03 --> Session: Class initialized using 'CodeIgniter\Session\Handlers\FileHandler' driver.
INFO - 2025-04-11 09:58:03 --> Cart Class Initialized
DEBUG - 2025-04-11 10:00:07 --> Session: Class initialized using 'CodeIgniter\Session\Handlers\FileHandler' driver.
INFO - 2025-04-11 10:00:07 --> Cart Class Initialized
DEBUG - 2025-04-11 10:00:58 --> Session: Class initialized using 'CodeIgniter\Session\Handlers\FileHandler' driver.
INFO - 2025-04-11 10:00:58 --> Cart Class Initialized
DEBUG - 2025-04-11 10:01:59 --> Session: Class initialized using 'CodeIgniter\Session\Handlers\FileHandler' driver.
INFO - 2025-04-11 10:01:59 --> Cart Class Initialized
DEBUG - 2025-04-11 10:03:37 --> Session: Class initialized using 'CodeIgniter\Session\Handlers\FileHandler' driver.
INFO - 2025-04-11 10:03:37 --> Cart Class Initialized
CRITICAL - 2025-04-11 10:03:37 --> Error: Call to a member function contents() on array
[Method: GET, Route: penjualan]
in APPPATH\Views\v_penjualan.php on line 389.
 1 SYSTEMPATH\View\View.php(224): include()
 2 SYSTEMPATH\View\View.php(227): CodeIgniter\View\View->CodeIgniter\View\{closure}()
 3 SYSTEMPATH\Common.php(1173): CodeIgniter\View\View->render('v_penjualan', [], true)
 4 APPPATH\Controllers\Penjualan.php(28): view('v_penjualan', [...])
 5 SYSTEMPATH\CodeIgniter.php(933): App\Controllers\Penjualan->index()
 6 SYSTEMPATH\CodeIgniter.php(507): CodeIgniter\CodeIgniter->runController(Object(App\Controllers\Penjualan))
 7 SYSTEMPATH\CodeIgniter.php(354): CodeIgniter\CodeIgniter->handleRequest(null, Object(Config\Cache), false)
 8 SYSTEMPATH\Boot.php(334): CodeIgniter\CodeIgniter->run()
 9 SYSTEMPATH\Boot.php(67): CodeIgniter\Boot::runCodeIgniter(Object(CodeIgniter\CodeIgniter))
10 FCPATH\index.php(56): CodeIgniter\Boot::bootWeb(Object(Config\Paths))
DEBUG - 2025-04-11 10:03:50 --> Session: Class initialized using 'CodeIgniter\Session\Handlers\FileHandler' driver.
INFO - 2025-04-11 10:03:50 --> Cart Class Initialized
CRITICAL - 2025-04-11 10:03:50 --> Error: Call to a member function contents() on array
[Method: GET, Route: penjualan]
in APPPATH\Views\v_penjualan.php on line 389.
 1 SYSTEMPATH\View\View.php(224): include()
 2 SYSTEMPATH\View\View.php(227): CodeIgniter\View\View->CodeIgniter\View\{closure}()
 3 SYSTEMPATH\Common.php(1173): CodeIgniter\View\View->render('v_penjualan', [], true)
 4 APPPATH\Controllers\Penjualan.php(28): view('v_penjualan', [...])
 5 SYSTEMPATH\CodeIgniter.php(933): App\Controllers\Penjualan->index()
 6 SYSTEMPATH\CodeIgniter.php(507): CodeIgniter\CodeIgniter->runController(Object(App\Controllers\Penjualan))
 7 SYSTEMPATH\CodeIgniter.php(354): CodeIgniter\CodeIgniter->handleRequest(null, Object(Config\Cache), false)
 8 SYSTEMPATH\Boot.php(334): CodeIgniter\CodeIgniter->run()
 9 SYSTEMPATH\Boot.php(67): CodeIgniter\Boot::runCodeIgniter(Object(CodeIgniter\CodeIgniter))
10 FCPATH\index.php(56): CodeIgniter\Boot::bootWeb(Object(Config\Paths))
DEBUG - 2025-04-11 10:04:13 --> Session: Class initialized using 'CodeIgniter\Session\Handlers\FileHandler' driver.
INFO - 2025-04-11 10:04:13 --> Cart Class Initialized
CRITICAL - 2025-04-11 10:04:13 --> Error: Call to a member function total() on array
[Method: GET, Route: penjualan]
in APPPATH\Views\v_penjualan.php on line 401.
 1 SYSTEMPATH\View\View.php(224): include()
 2 SYSTEMPATH\View\View.php(227): CodeIgniter\View\View->CodeIgniter\View\{closure}()
 3 SYSTEMPATH\Common.php(1173): CodeIgniter\View\View->render('v_penjualan', [], true)
 4 APPPATH\Controllers\Penjualan.php(28): view('v_penjualan', [...])
 5 SYSTEMPATH\CodeIgniter.php(933): App\Controllers\Penjualan->index()
 6 SYSTEMPATH\CodeIgniter.php(507): CodeIgniter\CodeIgniter->runController(Object(App\Controllers\Penjualan))
 7 SYSTEMPATH\CodeIgniter.php(354): CodeIgniter\CodeIgniter->handleRequest(null, Object(Config\Cache), false)
 8 SYSTEMPATH\Boot.php(334): CodeIgniter\CodeIgniter->run()
 9 SYSTEMPATH\Boot.php(67): CodeIgniter\Boot::runCodeIgniter(Object(CodeIgniter\CodeIgniter))
10 FCPATH\index.php(56): CodeIgniter\Boot::bootWeb(Object(Config\Paths))
DEBUG - 2025-04-11 10:04:39 --> Session: Class initialized using 'CodeIgniter\Session\Handlers\FileHandler' driver.
INFO - 2025-04-11 10:04:39 --> Cart Class Initialized
CRITICAL - 2025-04-11 10:04:39 --> TypeError: number_format(): Argument #1 ($num) must be of type float, array given
[Method: GET, Route: penjualan]
in APPPATH\Views\v_penjualan.php on line 401.
 1 APPPATH\Views\v_penjualan.php(401): number_format([...], 0, ',', '.')
 2 SYSTEMPATH\View\View.php(224): include('C:\\xampp\\htdocs\\kasir-ci4\\app\\Views\\v_penjualan.php')
 3 SYSTEMPATH\View\View.php(227): CodeIgniter\View\View->CodeIgniter\View\{closure}()
 4 SYSTEMPATH\Common.php(1173): CodeIgniter\View\View->render('v_penjualan', [], true)
 5 APPPATH\Controllers\Penjualan.php(28): view('v_penjualan', [...])
 6 SYSTEMPATH\CodeIgniter.php(933): App\Controllers\Penjualan->index()
 7 SYSTEMPATH\CodeIgniter.php(507): CodeIgniter\CodeIgniter->runController(Object(App\Controllers\Penjualan))
 8 SYSTEMPATH\CodeIgniter.php(354): CodeIgniter\CodeIgniter->handleRequest(null, Object(Config\Cache), false)
 9 SYSTEMPATH\Boot.php(334): CodeIgniter\CodeIgniter->run()
10 SYSTEMPATH\Boot.php(67): CodeIgniter\Boot::runCodeIgniter(Object(CodeIgniter\CodeIgniter))
11 FCPATH\index.php(56): CodeIgniter\Boot::bootWeb(Object(Config\Paths))
DEBUG - 2025-04-11 10:07:10 --> Session: Class initialized using 'CodeIgniter\Session\Handlers\FileHandler' driver.
INFO - 2025-04-11 10:07:10 --> Cart Class Initialized
DEBUG - 2025-04-11 10:07:47 --> Session: Class initialized using 'CodeIgniter\Session\Handlers\FileHandler' driver.
INFO - 2025-04-11 10:07:47 --> Cart Class Initialized
DEBUG - 2025-04-11 10:07:53 --> Session: Class initialized using 'CodeIgniter\Session\Handlers\FileHandler' driver.
INFO - 2025-04-11 10:07:53 --> Cart Class Initialized
ERROR - 2025-04-11 10:07:53 --> Invalid product ID.  The product ID can only contain alpha-numeric characters, dashes, and underscores
DEBUG - 2025-04-11 10:07:53 --> Session: Class initialized using 'CodeIgniter\Session\Handlers\FileHandler' driver.
INFO - 2025-04-11 10:07:53 --> Cart Class Initialized
DEBUG - 2025-04-11 10:08:41 --> Session: Class initialized using 'CodeIgniter\Session\Handlers\FileHandler' driver.
INFO - 2025-04-11 10:08:41 --> Cart Class Initialized
DEBUG - 2025-04-11 10:09:14 --> Session: Class initialized using 'CodeIgniter\Session\Handlers\FileHandler' driver.
INFO - 2025-04-11 10:09:14 --> Cart Class Initialized
DEBUG - 2025-04-11 10:10:49 --> Session: Class initialized using 'CodeIgniter\Session\Handlers\FileHandler' driver.
INFO - 2025-04-11 10:10:49 --> Cart Class Initialized
DEBUG - 2025-04-11 10:10:55 --> Session: Class initialized using 'CodeIgniter\Session\Handlers\FileHandler' driver.
INFO - 2025-04-11 10:10:55 --> Cart Class Initialized
DEBUG - 2025-04-11 10:10:59 --> Session: Class initialized using 'CodeIgniter\Session\Handlers\FileHandler' driver.
INFO - 2025-04-11 10:10:59 --> Cart Class Initialized
DEBUG - 2025-04-11 10:11:06 --> Session: Class initialized using 'CodeIgniter\Session\Handlers\FileHandler' driver.
INFO - 2025-04-11 10:11:06 --> Cart Class Initialized
DEBUG - 2025-04-11 10:11:16 --> Session: Class initialized using 'CodeIgniter\Session\Handlers\FileHandler' driver.
INFO - 2025-04-11 10:11:16 --> Cart Class Initialized
DEBUG - 2025-04-11 10:15:55 --> Session: Class initialized using 'CodeIgniter\Session\Handlers\FileHandler' driver.
INFO - 2025-04-11 10:15:55 --> Cart Class Initialized
DEBUG - 2025-04-11 10:16:13 --> Session: Class initialized using 'CodeIgniter\Session\Handlers\FileHandler' driver.
INFO - 2025-04-11 10:16:13 --> Cart Class Initialized
DEBUG - 2025-04-11 10:16:26 --> Session: Class initialized using 'CodeIgniter\Session\Handlers\FileHandler' driver.
INFO - 2025-04-11 10:16:26 --> Cart Class Initialized
DEBUG - 2025-04-11 10:17:19 --> Session: Class initialized using 'CodeIgniter\Session\Handlers\FileHandler' driver.
INFO - 2025-04-11 10:17:19 --> Cart Class Initialized
DEBUG - 2025-04-11 10:19:31 --> Session: Class initialized using 'CodeIgniter\Session\Handlers\FileHandler' driver.
INFO - 2025-04-11 10:19:31 --> Cart Class Initialized
DEBUG - 2025-04-11 10:21:24 --> Session: Class initialized using 'CodeIgniter\Session\Handlers\FileHandler' driver.
INFO - 2025-04-11 10:21:24 --> Cart Class Initialized
DEBUG - 2025-04-11 10:21:29 --> Session: Class initialized using 'CodeIgniter\Session\Handlers\FileHandler' driver.
INFO - 2025-04-11 10:21:29 --> Cart Class Initialized
DEBUG - 2025-04-11 10:22:18 --> Session: Class initialized using 'CodeIgniter\Session\Handlers\FileHandler' driver.
INFO - 2025-04-11 10:22:18 --> Cart Class Initialized
DEBUG - 2025-04-11 10:22:25 --> Session: Class initialized using 'CodeIgniter\Session\Handlers\FileHandler' driver.
INFO - 2025-04-11 10:22:25 --> Cart Class Initialized
DEBUG - 2025-04-11 10:23:21 --> Session: Class initialized using 'CodeIgniter\Session\Handlers\FileHandler' driver.
INFO - 2025-04-11 10:23:21 --> Cart Class Initialized
DEBUG - 2025-04-11 10:23:36 --> Session: Class initialized using 'CodeIgniter\Session\Handlers\FileHandler' driver.
INFO - 2025-04-11 10:23:36 --> Cart Class Initialized
DEBUG - 2025-04-11 10:23:41 --> Session: Class initialized using 'CodeIgniter\Session\Handlers\FileHandler' driver.
INFO - 2025-04-11 10:23:41 --> Cart Class Initialized
DEBUG - 2025-04-11 10:24:14 --> Session: Class initialized using 'CodeIgniter\Session\Handlers\FileHandler' driver.
DEBUG - 2025-04-11 10:24:38 --> Session: Class initialized using 'CodeIgniter\Session\Handlers\FileHandler' driver.
INFO - 2025-04-11 10:24:38 --> Cart Class Initialized
DEBUG - 2025-04-11 10:25:31 --> Session: Class initialized using 'CodeIgniter\Session\Handlers\FileHandler' driver.
DEBUG - 2025-04-11 10:25:34 --> Session: Class initialized using 'CodeIgniter\Session\Handlers\FileHandler' driver.
DEBUG - 2025-04-11 10:25:40 --> Session: Class initialized using 'CodeIgniter\Session\Handlers\FileHandler' driver.
DEBUG - 2025-04-11 10:32:21 --> Session: Class initialized using 'CodeIgniter\Session\Handlers\FileHandler' driver.
INFO - 2025-04-11 10:32:21 --> Cart Class Initialized
DEBUG - 2025-04-11 10:45:19 --> Session: Class initialized using 'CodeIgniter\Session\Handlers\FileHandler' driver.
INFO - 2025-04-11 10:45:19 --> Cart Class Initialized
DEBUG - 2025-04-11 10:46:00 --> Session: Class initialized using 'CodeIgniter\Session\Handlers\FileHandler' driver.
INFO - 2025-04-11 10:46:00 --> Cart Class Initialized
DEBUG - 2025-04-11 10:46:32 --> Session: Class initialized using 'CodeIgniter\Session\Handlers\FileHandler' driver.
INFO - 2025-04-11 10:46:32 --> Cart Class Initialized
DEBUG - 2025-04-11 10:46:49 --> Session: Class initialized using 'CodeIgniter\Session\Handlers\FileHandler' driver.
INFO - 2025-04-11 10:46:49 --> Cart Class Initialized
DEBUG - 2025-04-11 10:46:59 --> Session: Class initialized using 'CodeIgniter\Session\Handlers\FileHandler' driver.
INFO - 2025-04-11 10:46:59 --> Cart Class Initialized
DEBUG - 2025-04-11 10:47:23 --> Session: Class initialized using 'CodeIgniter\Session\Handlers\FileHandler' driver.
INFO - 2025-04-11 10:47:23 --> Cart Class Initialized
DEBUG - 2025-04-11 10:47:29 --> Session: Class initialized using 'CodeIgniter\Session\Handlers\FileHandler' driver.
INFO - 2025-04-11 10:47:29 --> Cart Class Initialized
DEBUG - 2025-04-11 10:47:55 --> Session: Class initialized using 'CodeIgniter\Session\Handlers\FileHandler' driver.
INFO - 2025-04-11 10:47:55 --> Cart Class Initialized
DEBUG - 2025-04-11 10:48:27 --> Session: Class initialized using 'CodeIgniter\Session\Handlers\FileHandler' driver.
INFO - 2025-04-11 10:48:27 --> Cart Class Initialized
DEBUG - 2025-04-11 10:48:40 --> Session: Class initialized using 'CodeIgniter\Session\Handlers\FileHandler' driver.
INFO - 2025-04-11 10:48:40 --> Cart Class Initialized
DEBUG - 2025-04-11 10:48:49 --> Session: Class initialized using 'CodeIgniter\Session\Handlers\FileHandler' driver.
INFO - 2025-04-11 10:48:49 --> Cart Class Initialized
DEBUG - 2025-04-11 10:49:14 --> Session: Class initialized using 'CodeIgniter\Session\Handlers\FileHandler' driver.
INFO - 2025-04-11 10:49:14 --> Cart Class Initialized
DEBUG - 2025-04-11 10:49:22 --> Session: Class initialized using 'CodeIgniter\Session\Handlers\FileHandler' driver.
INFO - 2025-04-11 10:49:22 --> Cart Class Initialized
DEBUG - 2025-04-11 10:51:22 --> Session: Class initialized using 'CodeIgniter\Session\Handlers\FileHandler' driver.
INFO - 2025-04-11 10:51:22 --> Cart Class Initialized
CRITICAL - 2025-04-11 10:51:22 --> ErrorException: Undefined variable $laporan
[Method: GET, Route: Penjualan]
in APPPATH\Views\v_penjualan.php on line 237.
 1 APPPATH\Views\v_penjualan.php(237): CodeIgniter\Debug\Exceptions->errorHandler(2, 'Undefined variable $laporan', 'C:\\xampp\\htdocs\\kasir-ci4\\app\\Views\\v_penjualan.php', 237)
 2 SYSTEMPATH\View\View.php(224): include('C:\\xampp\\htdocs\\kasir-ci4\\app\\Views\\v_penjualan.php')
 3 SYSTEMPATH\View\View.php(227): CodeIgniter\View\View->CodeIgniter\View\{closure}()
 4 SYSTEMPATH\Common.php(1173): CodeIgniter\View\View->render('v_penjualan', [], true)
 5 APPPATH\Controllers\Penjualan.php(28): view('v_penjualan', [...])
 6 SYSTEMPATH\CodeIgniter.php(933): App\Controllers\Penjualan->index()
 7 SYSTEMPATH\CodeIgniter.php(507): CodeIgniter\CodeIgniter->runController(Object(App\Controllers\Penjualan))
 8 SYSTEMPATH\CodeIgniter.php(354): CodeIgniter\CodeIgniter->handleRequest(null, Object(Config\Cache), false)
 9 SYSTEMPATH\Boot.php(334): CodeIgniter\CodeIgniter->run()
10 SYSTEMPATH\Boot.php(67): CodeIgniter\Boot::runCodeIgniter(Object(CodeIgniter\CodeIgniter))
11 FCPATH\index.php(56): CodeIgniter\Boot::bootWeb(Object(Config\Paths))
DEBUG - 2025-04-11 10:52:16 --> Session: Class initialized using 'CodeIgniter\Session\Handlers\FileHandler' driver.
INFO - 2025-04-11 10:52:16 --> Cart Class Initialized
CRITICAL - 2025-04-11 10:52:16 --> ErrorException: Undefined variable $laporan
[Method: GET, Route: Penjualan]
in APPPATH\Views\v_penjualan.php on line 237.
 1 APPPATH\Views\v_penjualan.php(237): CodeIgniter\Debug\Exceptions->errorHandler(2, 'Undefined variable $laporan', 'C:\\xampp\\htdocs\\kasir-ci4\\app\\Views\\v_penjualan.php', 237)
 2 SYSTEMPATH\View\View.php(224): include('C:\\xampp\\htdocs\\kasir-ci4\\app\\Views\\v_penjualan.php')
 3 SYSTEMPATH\View\View.php(227): CodeIgniter\View\View->CodeIgniter\View\{closure}()
 4 SYSTEMPATH\Common.php(1173): CodeIgniter\View\View->render('v_penjualan', [], true)
 5 APPPATH\Controllers\Penjualan.php(28): view('v_penjualan', [...])
 6 SYSTEMPATH\CodeIgniter.php(933): App\Controllers\Penjualan->index()
 7 SYSTEMPATH\CodeIgniter.php(507): CodeIgniter\CodeIgniter->runController(Object(App\Controllers\Penjualan))
 8 SYSTEMPATH\CodeIgniter.php(354): CodeIgniter\CodeIgniter->handleRequest(null, Object(Config\Cache), false)
 9 SYSTEMPATH\Boot.php(334): CodeIgniter\CodeIgniter->run()
10 SYSTEMPATH\Boot.php(67): CodeIgniter\Boot::runCodeIgniter(Object(CodeIgniter\CodeIgniter))
11 FCPATH\index.php(56): CodeIgniter\Boot::bootWeb(Object(Config\Paths))
DEBUG - 2025-04-11 10:53:43 --> Session: Class initialized using 'CodeIgniter\Session\Handlers\FileHandler' driver.
INFO - 2025-04-11 10:53:43 --> Cart Class Initialized
CRITICAL - 2025-04-11 10:53:43 --> ErrorException: Undefined variable $laporan
[Method: GET, Route: Penjualan]
in APPPATH\Views\v_penjualan.php on line 237.
 1 APPPATH\Views\v_penjualan.php(237): CodeIgniter\Debug\Exceptions->errorHandler(2, 'Undefined variable $laporan', 'C:\\xampp\\htdocs\\kasir-ci4\\app\\Views\\v_penjualan.php', 237)
 2 SYSTEMPATH\View\View.php(224): include('C:\\xampp\\htdocs\\kasir-ci4\\app\\Views\\v_penjualan.php')
 3 SYSTEMPATH\View\View.php(227): CodeIgniter\View\View->CodeIgniter\View\{closure}()
 4 SYSTEMPATH\Common.php(1173): CodeIgniter\View\View->render('v_penjualan', [], true)
 5 APPPATH\Controllers\Penjualan.php(28): view('v_penjualan', [...])
 6 SYSTEMPATH\CodeIgniter.php(933): App\Controllers\Penjualan->index()
 7 SYSTEMPATH\CodeIgniter.php(507): CodeIgniter\CodeIgniter->runController(Object(App\Controllers\Penjualan))
 8 SYSTEMPATH\CodeIgniter.php(354): CodeIgniter\CodeIgniter->handleRequest(null, Object(Config\Cache), false)
 9 SYSTEMPATH\Boot.php(334): CodeIgniter\CodeIgniter->run()
10 SYSTEMPATH\Boot.php(67): CodeIgniter\Boot::runCodeIgniter(Object(CodeIgniter\CodeIgniter))
11 FCPATH\index.php(56): CodeIgniter\Boot::bootWeb(Object(Config\Paths))
DEBUG - 2025-04-11 10:55:25 --> Session: Class initialized using 'CodeIgniter\Session\Handlers\FileHandler' driver.
INFO - 2025-04-11 10:55:25 --> Cart Class Initialized
CRITICAL - 2025-04-11 10:55:25 --> ErrorException: Undefined variable $laporan
[Method: GET, Route: Penjualan]
in APPPATH\Views\v_penjualan.php on line 237.
 1 APPPATH\Views\v_penjualan.php(237): CodeIgniter\Debug\Exceptions->errorHandler(2, 'Undefined variable $laporan', 'C:\\xampp\\htdocs\\kasir-ci4\\app\\Views\\v_penjualan.php', 237)
 2 SYSTEMPATH\View\View.php(224): include('C:\\xampp\\htdocs\\kasir-ci4\\app\\Views\\v_penjualan.php')
 3 SYSTEMPATH\View\View.php(227): CodeIgniter\View\View->CodeIgniter\View\{closure}()
 4 SYSTEMPATH\Common.php(1173): CodeIgniter\View\View->render('v_penjualan', [], true)
 5 APPPATH\Controllers\Penjualan.php(28): view('v_penjualan', [...])
 6 SYSTEMPATH\CodeIgniter.php(933): App\Controllers\Penjualan->index()
 7 SYSTEMPATH\CodeIgniter.php(507): CodeIgniter\CodeIgniter->runController(Object(App\Controllers\Penjualan))
 8 SYSTEMPATH\CodeIgniter.php(354): CodeIgniter\CodeIgniter->handleRequest(null, Object(Config\Cache), false)
 9 SYSTEMPATH\Boot.php(334): CodeIgniter\CodeIgniter->run()
10 SYSTEMPATH\Boot.php(67): CodeIgniter\Boot::runCodeIgniter(Object(CodeIgniter\CodeIgniter))
11 FCPATH\index.php(56): CodeIgniter\Boot::bootWeb(Object(Config\Paths))
DEBUG - 2025-04-11 11:04:43 --> Session: Class initialized using 'CodeIgniter\Session\Handlers\FileHandler' driver.
INFO - 2025-04-11 11:04:43 --> Cart Class Initialized
CRITICAL - 2025-04-11 11:04:43 --> ErrorException: Trying to access array offset on value of type null
[Method: GET, Route: Penjualan]
in APPPATH\Views\v_penjualan.php on line 241.
 1 APPPATH\Views\v_penjualan.php(241): CodeIgniter\Debug\Exceptions->errorHandler(2, 'Trying to access array offset on value of type null', 'C:\\xampp\\htdocs\\kasir-ci4\\app\\Views\\v_penjualan.php', 241)
 2 SYSTEMPATH\View\View.php(224): include('C:\\xampp\\htdocs\\kasir-ci4\\app\\Views\\v_penjualan.php')
 3 SYSTEMPATH\View\View.php(227): CodeIgniter\View\View->CodeIgniter\View\{closure}()
 4 SYSTEMPATH\Common.php(1173): CodeIgniter\View\View->render('v_penjualan', [], true)
 5 APPPATH\Controllers\Penjualan.php(31): view('v_penjualan', [...])
 6 SYSTEMPATH\CodeIgniter.php(933): App\Controllers\Penjualan->index()
 7 SYSTEMPATH\CodeIgniter.php(507): CodeIgniter\CodeIgniter->runController(Object(App\Controllers\Penjualan))
 8 SYSTEMPATH\CodeIgniter.php(354): CodeIgniter\CodeIgniter->handleRequest(null, Object(Config\Cache), false)
 9 SYSTEMPATH\Boot.php(334): CodeIgniter\CodeIgniter->run()
10 SYSTEMPATH\Boot.php(67): CodeIgniter\Boot::runCodeIgniter(Object(CodeIgniter\CodeIgniter))
11 FCPATH\index.php(56): CodeIgniter\Boot::bootWeb(Object(Config\Paths))
DEBUG - 2025-04-11 11:09:28 --> Session: Class initialized using 'CodeIgniter\Session\Handlers\FileHandler' driver.
INFO - 2025-04-11 11:09:28 --> Cart Class Initialized
DEBUG - 2025-04-11 11:09:52 --> Session: Class initialized using 'CodeIgniter\Session\Handlers\FileHandler' driver.
INFO - 2025-04-11 11:09:52 --> Cart Class Initialized
DEBUG - 2025-04-11 11:10:24 --> Session: Class initialized using 'CodeIgniter\Session\Handlers\FileHandler' driver.
INFO - 2025-04-11 11:10:24 --> Cart Class Initialized
DEBUG - 2025-04-11 11:13:34 --> Session: Class initialized using 'CodeIgniter\Session\Handlers\FileHandler' driver.
INFO - 2025-04-11 11:13:34 --> Cart Class Initialized
DEBUG - 2025-04-11 11:18:14 --> Session: Class initialized using 'CodeIgniter\Session\Handlers\FileHandler' driver.
INFO - 2025-04-11 11:18:14 --> Cart Class Initialized
DEBUG - 2025-04-11 11:18:19 --> Session: Class initialized using 'CodeIgniter\Session\Handlers\FileHandler' driver.
INFO - 2025-04-11 11:18:19 --> Cart Class Initialized
DEBUG - 2025-04-11 11:18:20 --> Session: Class initialized using 'CodeIgniter\Session\Handlers\FileHandler' driver.
INFO - 2025-04-11 11:18:20 --> Cart Class Initialized
DEBUG - 2025-04-11 11:18:23 --> Session: Class initialized using 'CodeIgniter\Session\Handlers\FileHandler' driver.
DEBUG - 2025-04-11 11:18:28 --> Session: Class initialized using 'CodeIgniter\Session\Handlers\FileHandler' driver.
CRITICAL - 2025-04-11 11:18:28 --> Error: Call to a member function DetailData() on null
[Method: GET, Route: Laporan/LaporanHarian]
in APPPATH\Controllers\Laporan.php on line 41.
 1 SYSTEMPATH\CodeIgniter.php(933): App\Controllers\Laporan->LaporanHarian()
 2 SYSTEMPATH\CodeIgniter.php(507): CodeIgniter\CodeIgniter->runController(Object(App\Controllers\Laporan))
 3 SYSTEMPATH\CodeIgniter.php(354): CodeIgniter\CodeIgniter->handleRequest(null, Object(Config\Cache), false)
 4 SYSTEMPATH\Boot.php(334): CodeIgniter\CodeIgniter->run()
 5 SYSTEMPATH\Boot.php(67): CodeIgniter\Boot::runCodeIgniter(Object(CodeIgniter\CodeIgniter))
 6 FCPATH\index.php(56): CodeIgniter\Boot::bootWeb(Object(Config\Paths))
DEBUG - 2025-04-11 11:25:57 --> Session: Class initialized using 'CodeIgniter\Session\Handlers\FileHandler' driver.
CRITICAL - 2025-04-11 11:25:57 --> Error: Call to a member function DetailData() on null
[Method: GET, Route: Laporan/LaporanHarian]
in APPPATH\Controllers\Laporan.php on line 41.
 1 SYSTEMPATH\CodeIgniter.php(933): App\Controllers\Laporan->LaporanHarian()
 2 SYSTEMPATH\CodeIgniter.php(507): CodeIgniter\CodeIgniter->runController(Object(App\Controllers\Laporan))
 3 SYSTEMPATH\CodeIgniter.php(354): CodeIgniter\CodeIgniter->handleRequest(null, Object(Config\Cache), false)
 4 SYSTEMPATH\Boot.php(334): CodeIgniter\CodeIgniter->run()
 5 SYSTEMPATH\Boot.php(67): CodeIgniter\Boot::runCodeIgniter(Object(CodeIgniter\CodeIgniter))
 6 FCPATH\index.php(56): CodeIgniter\Boot::bootWeb(Object(Config\Paths))
DEBUG - 2025-04-11 11:28:16 --> Session: Class initialized using 'CodeIgniter\Session\Handlers\FileHandler' driver.
CRITICAL - 2025-04-11 11:28:16 --> ErrorException: Undefined variable $laporan_harian
[Method: GET, Route: Laporan/LaporanHarian]
in APPPATH\Views\laporan\v_laporan_harian.php on line 43.
 1 APPPATH\Views\laporan\v_laporan_harian.php(43): CodeIgniter\Debug\Exceptions->errorHandler(2, 'Undefined variable $laporan_harian', 'C:\\xampp\\htdocs\\kasir-ci4\\app\\Views\\laporan\\v_laporan_harian.php', 43)
 2 SYSTEMPATH\View\View.php(224): include('C:\\xampp\\htdocs\\kasir-ci4\\app\\Views\\laporan\\v_laporan_harian.php')
 3 SYSTEMPATH\View\View.php(227): CodeIgniter\View\View->CodeIgniter\View\{closure}()
 4 SYSTEMPATH\Common.php(1173): CodeIgniter\View\View->render('laporan/v_laporan_harian', [], true)
 5 APPPATH\Views\v_template.php(245): view('laporan/v_laporan_harian')
 6 SYSTEMPATH\View\View.php(224): include('C:\\xampp\\htdocs\\kasir-ci4\\app\\Views\\v_template.php')
 7 SYSTEMPATH\View\View.php(227): CodeIgniter\View\View->CodeIgniter\View\{closure}()
 8 SYSTEMPATH\Common.php(1173): CodeIgniter\View\View->render('v_template', [], true)
 9 APPPATH\Controllers\Laporan.php(43): view('v_template', [...])
10 SYSTEMPATH\CodeIgniter.php(933): App\Controllers\Laporan->LaporanHarian()
11 SYSTEMPATH\CodeIgniter.php(507): CodeIgniter\CodeIgniter->runController(Object(App\Controllers\Laporan))
12 SYSTEMPATH\CodeIgniter.php(354): CodeIgniter\CodeIgniter->handleRequest(null, Object(Config\Cache), false)
13 SYSTEMPATH\Boot.php(334): CodeIgniter\CodeIgniter->run()
14 SYSTEMPATH\Boot.php(67): CodeIgniter\Boot::runCodeIgniter(Object(CodeIgniter\CodeIgniter))
15 FCPATH\index.php(56): CodeIgniter\Boot::bootWeb(Object(Config\Paths))
DEBUG - 2025-04-11 11:32:23 --> Session: Class initialized using 'CodeIgniter\Session\Handlers\FileHandler' driver.
DEBUG - 2025-04-11 11:32:31 --> Session: Class initialized using 'CodeIgniter\Session\Handlers\FileHandler' driver.
DEBUG - 2025-04-11 11:32:49 --> Session: Class initialized using 'CodeIgniter\Session\Handlers\FileHandler' driver.
DEBUG - 2025-04-11 11:32:52 --> Session: Class initialized using 'CodeIgniter\Session\Handlers\FileHandler' driver.
DEBUG - 2025-04-11 11:32:58 --> Session: Class initialized using 'CodeIgniter\Session\Handlers\FileHandler' driver.
DEBUG - 2025-04-11 11:33:54 --> Session: Class initialized using 'CodeIgniter\Session\Handlers\FileHandler' driver.
DEBUG - 2025-04-11 11:33:58 --> Session: Class initialized using 'CodeIgniter\Session\Handlers\FileHandler' driver.
DEBUG - 2025-04-11 11:34:02 --> Session: Class initialized using 'CodeIgniter\Session\Handlers\FileHandler' driver.
DEBUG - 2025-04-11 11:36:15 --> Session: Class initialized using 'CodeIgniter\Session\Handlers\FileHandler' driver.
INFO - 2025-04-11 11:36:15 --> Cart Class Initialized
DEBUG - 2025-04-11 11:36:19 --> Session: Class initialized using 'CodeIgniter\Session\Handlers\FileHandler' driver.
DEBUG - 2025-04-11 11:36:20 --> Session: Class initialized using 'CodeIgniter\Session\Handlers\FileHandler' driver.
INFO - 2025-04-11 11:36:20 --> Cart Class Initialized
DEBUG - 2025-04-11 11:36:20 --> Session: Class initialized using 'CodeIgniter\Session\Handlers\FileHandler' driver.
INFO - 2025-04-11 11:36:20 --> Cart Class Initialized
DEBUG - 2025-04-11 11:36:25 --> Session: Class initialized using 'CodeIgniter\Session\Handlers\FileHandler' driver.
INFO - 2025-04-11 11:36:25 --> Cart Class Initialized
DEBUG - 2025-04-11 11:36:25 --> Session: Class initialized using 'CodeIgniter\Session\Handlers\FileHandler' driver.
INFO - 2025-04-11 11:36:25 --> Cart Class Initialized
DEBUG - 2025-04-11 11:36:44 --> Session: Class initialized using 'CodeIgniter\Session\Handlers\FileHandler' driver.
DEBUG - 2025-04-11 11:36:47 --> Session: Class initialized using 'CodeIgniter\Session\Handlers\FileHandler' driver.
INFO - 2025-04-11 11:36:47 --> Cart Class Initialized
DEBUG - 2025-04-11 11:36:49 --> Session: Class initialized using 'CodeIgniter\Session\Handlers\FileHandler' driver.
DEBUG - 2025-04-11 11:36:52 --> Session: Class initialized using 'CodeIgniter\Session\Handlers\FileHandler' driver.
DEBUG - 2025-04-11 11:36:54 --> Session: Class initialized using 'CodeIgniter\Session\Handlers\FileHandler' driver.
DEBUG - 2025-04-11 11:37:34 --> Session: Class initialized using 'CodeIgniter\Session\Handlers\FileHandler' driver.
INFO - 2025-04-11 11:37:34 --> Cart Class Initialized
DEBUG - 2025-04-11 11:37:42 --> Session: Class initialized using 'CodeIgniter\Session\Handlers\FileHandler' driver.
INFO - 2025-04-11 11:37:42 --> Cart Class Initialized
DEBUG - 2025-04-11 11:37:42 --> Session: Class initialized using 'CodeIgniter\Session\Handlers\FileHandler' driver.
INFO - 2025-04-11 11:37:42 --> Cart Class Initialized
DEBUG - 2025-04-11 11:39:52 --> Session: Class initialized using 'CodeIgniter\Session\Handlers\FileHandler' driver.
INFO - 2025-04-11 11:39:52 --> Cart Class Initialized
DEBUG - 2025-04-11 11:40:15 --> Session: Class initialized using 'CodeIgniter\Session\Handlers\FileHandler' driver.
INFO - 2025-04-11 11:40:15 --> Cart Class Initialized
DEBUG - 2025-04-11 11:42:28 --> Session: Class initialized using 'CodeIgniter\Session\Handlers\FileHandler' driver.
INFO - 2025-04-11 11:42:28 --> Cart Class Initialized
DEBUG - 2025-04-11 11:42:28 --> Session: Class initialized using 'CodeIgniter\Session\Handlers\FileHandler' driver.
INFO - 2025-04-11 11:42:28 --> Cart Class Initialized
DEBUG - 2025-04-11 11:42:49 --> Session: Class initialized using 'CodeIgniter\Session\Handlers\FileHandler' driver.
INFO - 2025-04-11 11:42:49 --> Cart Class Initialized
DEBUG - 2025-04-11 11:42:51 --> Session: Class initialized using 'CodeIgniter\Session\Handlers\FileHandler' driver.
INFO - 2025-04-11 11:42:51 --> Cart Class Initialized
DEBUG - 2025-04-11 11:42:51 --> Session: Class initialized using 'CodeIgniter\Session\Handlers\FileHandler' driver.
INFO - 2025-04-11 11:42:51 --> Cart Class Initialized
DEBUG - 2025-04-11 11:42:54 --> Session: Class initialized using 'CodeIgniter\Session\Handlers\FileHandler' driver.
INFO - 2025-04-11 11:42:54 --> Cart Class Initialized
DEBUG - 2025-04-11 11:42:55 --> Session: Class initialized using 'CodeIgniter\Session\Handlers\FileHandler' driver.
INFO - 2025-04-11 11:42:55 --> Cart Class Initialized
DEBUG - 2025-04-11 11:42:58 --> Session: Class initialized using 'CodeIgniter\Session\Handlers\FileHandler' driver.
DEBUG - 2025-04-11 11:43:00 --> Session: Class initialized using 'CodeIgniter\Session\Handlers\FileHandler' driver.
DEBUG - 2025-04-11 11:43:03 --> Session: Class initialized using 'CodeIgniter\Session\Handlers\FileHandler' driver.
DEBUG - 2025-04-11 11:43:06 --> Session: Class initialized using 'CodeIgniter\Session\Handlers\FileHandler' driver.
DEBUG - 2025-04-11 11:43:07 --> Session: Class initialized using 'CodeIgniter\Session\Handlers\FileHandler' driver.
INFO - 2025-04-11 11:43:07 --> Cart Class Initialized
DEBUG - 2025-04-11 11:44:23 --> Session: Class initialized using 'CodeIgniter\Session\Handlers\FileHandler' driver.
INFO - 2025-04-11 11:44:23 --> Cart Class Initialized
DEBUG - 2025-04-11 11:49:40 --> Session: Class initialized using 'CodeIgniter\Session\Handlers\FileHandler' driver.
INFO - 2025-04-11 11:49:40 --> Cart Class Initialized
DEBUG - 2025-04-11 11:49:57 --> Session: Class initialized using 'CodeIgniter\Session\Handlers\FileHandler' driver.
INFO - 2025-04-11 11:49:57 --> Cart Class Initialized
DEBUG - 2025-04-11 11:50:03 --> Session: Class initialized using 'CodeIgniter\Session\Handlers\FileHandler' driver.
INFO - 2025-04-11 11:50:03 --> Cart Class Initialized
DEBUG - 2025-04-11 11:50:37 --> Session: Class initialized using 'CodeIgniter\Session\Handlers\FileHandler' driver.
INFO - 2025-04-11 11:50:37 --> Cart Class Initialized
DEBUG - 2025-04-11 11:51:21 --> Session: Class initialized using 'CodeIgniter\Session\Handlers\FileHandler' driver.
INFO - 2025-04-11 11:51:21 --> Cart Class Initialized
DEBUG - 2025-04-11 11:51:23 --> Session: Class initialized using 'CodeIgniter\Session\Handlers\FileHandler' driver.
INFO - 2025-04-11 11:51:23 --> Cart Class Initialized
ERROR - 2025-04-11 11:51:23 --> Invalid product ID.  The product ID can only contain alpha-numeric characters, dashes, and underscores
DEBUG - 2025-04-11 11:51:23 --> Session: Class initialized using 'CodeIgniter\Session\Handlers\FileHandler' driver.
INFO - 2025-04-11 11:51:23 --> Cart Class Initialized
DEBUG - 2025-04-11 11:51:41 --> Session: Class initialized using 'CodeIgniter\Session\Handlers\FileHandler' driver.
INFO - 2025-04-11 11:51:41 --> Cart Class Initialized
DEBUG - 2025-04-11 11:52:03 --> Session: Class initialized using 'CodeIgniter\Session\Handlers\FileHandler' driver.
INFO - 2025-04-11 11:52:03 --> Cart Class Initialized
DEBUG - 2025-04-11 11:52:32 --> Session: Class initialized using 'CodeIgniter\Session\Handlers\FileHandler' driver.
INFO - 2025-04-11 11:52:32 --> Cart Class Initialized
DEBUG - 2025-04-11 11:52:48 --> Session: Class initialized using 'CodeIgniter\Session\Handlers\FileHandler' driver.
INFO - 2025-04-11 11:52:48 --> Cart Class Initialized
DEBUG - 2025-04-11 11:52:54 --> Session: Class initialized using 'CodeIgniter\Session\Handlers\FileHandler' driver.
INFO - 2025-04-11 11:52:54 --> Cart Class Initialized
DEBUG - 2025-04-11 11:52:54 --> Session: Class initialized using 'CodeIgniter\Session\Handlers\FileHandler' driver.
INFO - 2025-04-11 11:52:54 --> Cart Class Initialized
DEBUG - 2025-04-11 11:52:59 --> Session: Class initialized using 'CodeIgniter\Session\Handlers\FileHandler' driver.
INFO - 2025-04-11 11:52:59 --> Cart Class Initialized
DEBUG - 2025-04-11 11:53:00 --> Session: Class initialized using 'CodeIgniter\Session\Handlers\FileHandler' driver.
DEBUG - 2025-04-11 11:53:03 --> Session: Class initialized using 'CodeIgniter\Session\Handlers\FileHandler' driver.
CRITICAL - 2025-04-11 11:53:03 --> CodeIgniter\Database\Exceptions\DatabaseException: You must set the database table to be used with your query.
[Method: GET, Route: Laporan/LaporanHarian]
in SYSTEMPATH\Database\BaseConnection.php on line 941.
 1 SYSTEMPATH\Model.php(714): CodeIgniter\Database\BaseConnection->table(null)
 2 SYSTEMPATH\Model.php(920): CodeIgniter\Model->builder()
 3 APPPATH\Controllers\Laporan.php(36): CodeIgniter\Model->__call('getLaporanByTanggal', [...])
 4 SYSTEMPATH\CodeIgniter.php(933): App\Controllers\Laporan->LaporanHarian()
 5 SYSTEMPATH\CodeIgniter.php(507): CodeIgniter\CodeIgniter->runController(Object(App\Controllers\Laporan))
 6 SYSTEMPATH\CodeIgniter.php(354): CodeIgniter\CodeIgniter->handleRequest(null, Object(Config\Cache), false)
 7 SYSTEMPATH\Boot.php(334): CodeIgniter\CodeIgniter->run()
 8 SYSTEMPATH\Boot.php(67): CodeIgniter\Boot::runCodeIgniter(Object(CodeIgniter\CodeIgniter))
 9 FCPATH\index.php(56): CodeIgniter\Boot::bootWeb(Object(Config\Paths))
DEBUG - 2025-04-11 11:54:03 --> Session: Class initialized using 'CodeIgniter\Session\Handlers\FileHandler' driver.
DEBUG - 2025-04-11 11:54:07 --> Session: Class initialized using 'CodeIgniter\Session\Handlers\FileHandler' driver.
DEBUG - 2025-04-11 11:54:29 --> Session: Class initialized using 'CodeIgniter\Session\Handlers\FileHandler' driver.
DEBUG - 2025-04-11 11:54:33 --> Session: Class initialized using 'CodeIgniter\Session\Handlers\FileHandler' driver.
DEBUG - 2025-04-11 11:54:36 --> Session: Class initialized using 'CodeIgniter\Session\Handlers\FileHandler' driver.
DEBUG - 2025-04-11 11:54:42 --> Session: Class initialized using 'CodeIgniter\Session\Handlers\FileHandler' driver.
DEBUG - 2025-04-11 11:54:44 --> Session: Class initialized using 'CodeIgniter\Session\Handlers\FileHandler' driver.
DEBUG - 2025-04-11 11:54:52 --> Session: Class initialized using 'CodeIgniter\Session\Handlers\FileHandler' driver.
DEBUG - 2025-04-11 11:54:54 --> Session: Class initialized using 'CodeIgniter\Session\Handlers\FileHandler' driver.
INFO - 2025-04-11 11:54:54 --> Cart Class Initialized
DEBUG - 2025-04-11 11:57:35 --> Session: Class initialized using 'CodeIgniter\Session\Handlers\FileHandler' driver.
INFO - 2025-04-11 11:57:35 --> Cart Class Initialized
DEBUG - 2025-04-11 11:57:40 --> Session: Class initialized using 'CodeIgniter\Session\Handlers\FileHandler' driver.
INFO - 2025-04-11 11:57:40 --> Cart Class Initialized
DEBUG - 2025-04-11 11:58:04 --> Session: Class initialized using 'CodeIgniter\Session\Handlers\FileHandler' driver.
INFO - 2025-04-11 11:58:04 --> Cart Class Initialized
DEBUG - 2025-04-11 11:58:09 --> Session: Class initialized using 'CodeIgniter\Session\Handlers\FileHandler' driver.
INFO - 2025-04-11 11:58:09 --> Cart Class Initialized
